2016/11/14 13:43:21 INFO  - jmeter.util.JMeterUtils: Setting Locale to en_US 
2016/11/14 13:43:21 INFO  - jmeter.JMeter: Loading user properties from: /home/cabox/workspace/apache-jmeter-3.0/bin/user.properties 
2016/11/14 13:43:21 INFO  - jmeter.JMeter: Loading system properties from: /home/cabox/workspace/apache-jmeter-3.0/bin/system.properties 
2016/11/14 13:43:21 INFO  - jmeter.JMeter: Setting System property: server_port=1099 
2016/11/14 13:43:21 INFO  - jmeter.JMeter: Copyright (c) 1998-2016 The Apache Software Foundation 
2016/11/14 13:43:21 INFO  - jmeter.JMeter: Version 3.0 r1743807 
2016/11/14 13:43:21 INFO  - jmeter.JMeter: java.version=1.7.0_111 
2016/11/14 13:43:21 INFO  - jmeter.JMeter: java.vm.name=OpenJDK 64-Bit Server VM 
2016/11/14 13:43:21 INFO  - jmeter.JMeter: os.name=Linux 
2016/11/14 13:43:21 INFO  - jmeter.JMeter: os.arch=amd64 
2016/11/14 13:43:21 INFO  - jmeter.JMeter: os.version=2.6.32-042stab112.15 
2016/11/14 13:43:21 INFO  - jmeter.JMeter: file.encoding=ANSI_X3.4-1968 
2016/11/14 13:43:21 INFO  - jmeter.JMeter: Max memory     =518979584 
2016/11/14 13:43:21 INFO  - jmeter.JMeter: Available Processors =8 
2016/11/14 13:43:21 INFO  - jmeter.JMeter: Default Locale=English (United States) 
2016/11/14 13:43:21 INFO  - jmeter.JMeter: JMeter  Locale=English (United States) 
2016/11/14 13:43:21 INFO  - jmeter.JMeter: JMeterHome=/home/cabox/workspace/apache-jmeter-3.0 
2016/11/14 13:43:21 INFO  - jmeter.JMeter: user.dir  =/home/cabox/workspace/apache-jmeter-3.0/bin 
2016/11/14 13:43:21 INFO  - jmeter.JMeter: PWD       =/home/cabox/workspace/apache-jmeter-3.0/bin 
2016/11/14 13:43:21 INFO  - jmeter.JMeter: IP: 172.28.162.252 Name: box-codeanywhere.com FullName: box-codeanywhere.com 
2016/11/14 13:43:21 INFO  - jmeter.engine.RemoteJMeterEngineImpl: Starting backing engine on 1099 
2016/11/14 13:43:21 INFO  - jmeter.engine.RemoteJMeterEngineImpl: System property 'java.rmi.server.hostname' is not defined, using localHost address 
2016/11/14 13:43:21 INFO  - jmeter.engine.RemoteJMeterEngineImpl: Local IP address=172.28.162.252 
2016/11/14 13:43:21 INFO  - jmeter.engine.RemoteJMeterEngineImpl: IP address is a site-local address; this may cause problems with remote access.
	Can be overridden by defining the system property 'java.rmi.server.hostname' - see jmeter-server script file 
2016/11/14 13:43:21 INFO  - jmeter.engine.RemoteJMeterEngineImpl: Creating RMI registry (server.rmi.create=true) 
2016/11/14 13:43:21 INFO  - jmeter.engine.RemoteJMeterEngineImpl: Bound to registry on port 1099 
